e:\source\audioplayerapp\audioappsolution\audioappconsole\x64\debug\vc143.pdb
e:\source\audioplayerapp\audioappsolution\audioappconsole\x64\debug\vc143.idb
e:\source\audioplayerapp\audioappsolution\audioappconsole\x64\debug\main.obj
e:\source\audioplayerapp\audioappsolution\audioappconsole\x64\debug\playlist.obj
e:\source\audioplayerapp\audioappsolution\audioappconsole\x64\debug\audioappconsole.ilk
e:\source\audioplayerapp\audioappsolution\audioappconsole\x64\debug\playlist.obj.enc
e:\source\audioplayerapp\audioappsolution\x64\debug\audioappconsole.pdb
e:\source\audioplayerapp\audioappsolution\audioappconsole\x64\debug\audioappconsole.tlog\cl.command.1.tlog
e:\source\audioplayerapp\audioappsolution\audioappconsole\x64\debug\audioappconsole.tlog\cl.items.tlog
e:\source\audioplayerapp\audioappsolution\audioappconsole\x64\debug\audioappconsole.tlog\cl.read.1.tlog
e:\source\audioplayerapp\audioappsolution\audioappconsole\x64\debug\audioappconsole.tlog\cl.write.1.tlog
e:\source\audioplayerapp\audioappsolution\audioappconsole\x64\debug\audioappconsole.tlog\link-cvtres.read.1.tlog
e:\source\audioplayerapp\audioappsolution\audioappconsole\x64\debug\audioappconsole.tlog\link-cvtres.write.1.tlog
e:\source\audioplayerapp\audioappsolution\audioappconsole\x64\debug\audioappconsole.tlog\link-rc.read.1.tlog
e:\source\audioplayerapp\audioappsolution\audioappconsole\x64\debug\audioappconsole.tlog\link-rc.write.1.tlog
e:\source\audioplayerapp\audioappsolution\audioappconsole\x64\debug\audioappconsole.tlog\link.command.1.tlog
e:\source\audioplayerapp\audioappsolution\audioappconsole\x64\debug\audioappconsole.tlog\link.read.1.tlog
e:\source\audioplayerapp\audioappsolution\audioappconsole\x64\debug\audioappconsole.tlog\link.read.2.tlog
e:\source\audioplayerapp\audioappsolution\audioappconsole\x64\debug\audioappconsole.tlog\link.read.3.tlog
e:\source\audioplayerapp\audioappsolution\audioappconsole\x64\debug\audioappconsole.tlog\link.read.4.tlog
e:\source\audioplayerapp\audioappsolution\audioappconsole\x64\debug\audioappconsole.tlog\link.read.5.tlog
e:\source\audioplayerapp\audioappsolution\audioappconsole\x64\debug\audioappconsole.tlog\link.secondary.1.tlog
e:\source\audioplayerapp\audioappsolution\audioappconsole\x64\debug\audioappconsole.tlog\link.write.1.tlog
